#    id         z     l68_z     u68_z      ltau  l68_ltau  u68_ltau     metal l68_metal u68_metal      lage  l68_lage  u68_lage        Av    l68_Av    u68_Av     lmass l68_lmass u68_lmass      lsfr  l68_lsfr  u68_lsfr     lssfr l68_lssfr u68_lssfr      la2t  l68_la2t  u68_la2t      chi2
      0    1.0400    1.0400    1.0400      8.50      8.50     10.00    0.0200    0.0176    0.0500      6.80      6.76      6.85      3.00      2.96      3.00      9.19      9.09      9.19      2.40      2.31      2.41     -6.79     -6.79     -6.78     -1.70     -3.20     -1.70       Inf
      1    1.0400    1.0400    1.0400     10.00      8.50     10.00    0.0200    0.0200    0.0500      7.00      6.80      7.00      3.00      3.00      3.00     10.44     10.30     10.44      3.46      3.46      3.51     -6.97     -6.97     -6.78     -3.00     -3.00     -1.70       Inf
      2    1.0400    1.0400    1.0400      8.50      8.50     10.00    0.0080    0.0040    0.0500      6.80      6.60      6.94      3.00      2.80      3.00      9.45      9.22      9.50      2.65      2.43      2.90     -6.79     -6.79     -6.60     -1.70     -3.40     -1.70       Inf
      3    1.0400    1.0400    1.0400      8.50      8.50     10.00    0.0200    0.0168    0.0500      6.60      6.57      6.81      3.00      2.70      3.00      9.34      9.13      9.34      2.74      2.34      2.75     -6.60     -6.79     -6.59     -1.90     -3.40     -1.70       Inf
      4    1.0400    1.0400    1.0400      8.50      8.50     10.00    0.0040    0.0040    0.0500      6.80      6.59      8.60      2.60      1.69      2.96      9.28      9.19      9.79      2.49      1.21      2.91     -6.80     -8.53     -6.60     -1.70     -3.40     -0.10       Inf
      5    1.0400    1.0400    1.0400      8.50      8.50     10.00    0.0040    0.0040    0.0500      6.80      6.77      8.81      3.00      1.79      3.00      9.54      9.45     10.06      2.75      1.19      2.75     -6.80     -8.74     -6.79     -1.70     -3.20      0.10       Inf
      6    1.0400    1.0400    1.0400      8.50      8.50     10.00    0.0200    0.0171    0.0500      7.00      6.97      7.21      3.00      2.96      3.00      9.74      9.74      9.80      2.76      2.64      2.76     -6.98     -7.16     -6.97     -1.50     -3.00     -1.30       Inf
      7    1.0400    1.0400    1.0400     10.00      8.50     10.00    0.0500    0.0410    0.0500      7.60      7.39      7.88      3.00      2.86      3.00     10.12      9.99     10.20      2.60      2.48      2.66     -7.52     -7.72     -7.33     -2.40     -2.60     -0.90       Inf
      8    1.0400    1.0400    1.0400      9.00      8.50     10.00    0.0500    0.0040    0.0500      9.00      7.80      9.60      1.40      1.02      2.30     11.18     10.72     11.35      2.14      1.83      2.96     -9.04     -9.46     -7.76      0.00     -2.00      0.30       Inf
      9    1.0400    1.0400    1.0400      9.00      8.50     10.00    0.0080    0.0040    0.0500      8.60      7.87      9.37      1.50      0.85      1.96      9.86      9.66     10.15      1.32      0.71      1.76     -8.53     -9.12     -7.90     -0.40     -2.00      0.30       Inf
     10    1.0400    1.0400    1.0400     10.00      8.50     10.00    0.0080    0.0040    0.0500      8.40      6.60      9.01      1.80      1.33      2.80      9.77      9.33     10.02      1.50      1.08      3.00     -8.27     -8.84     -6.60     -1.60     -3.20      0.10       Inf
     11    1.0400    1.0400    1.0400      8.50      8.50     10.00    0.0500    0.0174    0.0500      6.80      6.75      7.08      3.00      2.86      3.00      9.44      9.44      9.55      2.66      2.55      2.76     -6.78     -6.98     -6.78     -1.70     -3.20     -1.50       Inf
     12    1.0400    1.0400    1.0400      8.50      8.50     10.00    0.0200    0.0040    0.0371      7.00      6.92      7.14      3.00      2.94      3.00      9.41      9.41      9.44      2.43      2.43      2.47     -6.98     -6.99     -6.97     -1.50     -3.00     -1.50       Inf
     13    1.0400    1.0400    1.0400     10.00      8.50     10.00    0.0080    0.0040    0.0500      8.80      7.96      9.33      1.40      0.85      1.92      9.73      9.49      9.91      1.08      0.54      1.58     -8.65     -9.12     -7.90     -1.20     -2.00      0.30       Inf
     14    1.0400    1.0400    1.0400      8.50      8.50     10.00    0.0200    0.0040    0.0392      7.00      6.80      7.11      3.00      2.94      3.00      9.64      9.64      9.66      2.66      2.66      2.86     -6.98     -6.98     -6.80     -1.50     -3.00     -1.50       Inf
     15    1.0400    1.0400    1.0400      8.50      8.50     10.00    0.0500    0.0040    0.0500      8.20      7.85      9.20      2.90      0.70      3.00     11.67     11.49     11.78      3.49      1.14      3.64     -8.18    -10.43     -7.89     -0.30     -2.00      0.70       Inf
     16    1.0400    1.0400    1.0400      8.50      8.50     10.00    0.0040    0.0040    0.0500      6.80      6.74      7.00      2.90      2.85      3.00      9.66      9.56      9.66      2.87      2.67      2.88     -6.80     -6.97     -6.78     -1.70     -3.20     -1.70       Inf
     17    1.0400    1.0400    1.0400      8.50      8.50     10.00    0.0080    0.0040    0.0500      8.20      7.78      8.75      2.80      2.39      3.00     10.37     10.21     10.57      2.18      1.83      2.46     -8.19     -8.73     -7.76     -0.30     -2.00      0.10       Inf
     18    1.0400    1.0400    1.0400      9.50      8.50     10.00    0.0500    0.0040    0.0500      8.20      6.77      8.62      2.40      2.06      3.00      9.92      9.47     10.04      1.84      1.55      2.77     -8.08     -8.47     -6.79     -1.30     -3.20     -0.10       Inf
     19    1.0400    1.0400    1.0400      8.50      8.50      8.51    0.0040    0.0040    0.0042      9.40      9.40      9.40      0.10      0.00      0.12      9.88      9.83      9.88     -1.81     -1.86     -1.81    -11.69    -11.69    -11.69      0.90      0.90      0.90       Inf
