runmode
	reference	3 181.550606 -8.800926 181.550606 -8.800926
	pixel	2 1000 clumps/simul_snake_clump_ellipse_6.fits
	end
cleanlens
	cleanset	0 1.036000
	sframe	 clumps/SP_snake_clump_ellipse_6.fits
	end
grille
	nombre		128
	polaire		0
	nlentille	1
	end
potentiel
0
	profil		17
	gamma1map		gamma1-norm.fits
	gamma2map		gamma2-norm.fits
	kappamap		MACS1206_kappa.fits
	dplxmap		newsimple_dplx_norm_shift.fits
	dplymap		newsimple_dply_norm_shift.fits
	potenmap		poten-norm.fits
	z_lens		0.438500
	end
cline
	nplan		0
	dmax		100.000000
	algorithm		MARCHINGSQUARES
	limitHigh		0.200000
	limitLow		0.050000
	end
grande
	iso	0 0 1.000000 0.000000 0.000000
	name	best
	profil	0 0
	contour	0 0
	large_dist	2.000000
	end
cosmologie
	model	1
	H0	70.000000
	omegaM	0.300000
	omegaX	0.700000
	omegaK	0.000000
	wX	-1.000000
	wa	0.000000
	kcourb	0.000000
	end
champ
	xmin	10.000000
	xmax	30.000000
	ymin	-10.000000
	ymax	10.000000
	end
fini
For z_s = 0.8000  DLS/DS:0.3960
DLS:0.1432(lt) 613.34(Mpc) DOS:0.3616(lt) 1548.71(Mpc)
DOL:0.2733(lt) 1170.43(Mpc) DOL_lum:0.5655(lt) 2421.95(Mpc)
Mcrit:3.586960e-03 (10^12 Msol/kpc^2)
Conversion Factor @ z = 0.438500, 1 arcsec == 5.674 kpc
Number of Clumps: 1
-------- Clump 1: External maps 
 External maps
